app/build/intermediates/manifest_merge_blame_file/debug/manifest-merger-blame-debug-report.txt
1<?xml version="1.0" encoding="utf-8"?>
2<manifest xmlns:android="http://schemas.android.com/apk/res/android"
3    package="com.example.simpletodo"
4    android:versionCode="5"
5    android:versionName="1.4" >
6
7    <uses-sdk
8        android:minSdkVersion="26"
9        android:targetSdkVersion="34" />
10
11    <uses-permission android:name="android.permission.POST_NOTIFICATIONS" />
11-->src\main\AndroidManifest.xml:5:5-77
11-->src\main\AndroidManifest.xml:5:22-74
12    <uses-permission android:name="android.permission.SCHEDULE_EXACT_ALARM" />
12-->src\main\AndroidManifest.xml:6:5-79
12-->src\main\AndroidManifest.xml:6:22-76
13    <uses-permission android:name="android.permission.USE_EXACT_ALARM" />
13-->src\main\AndroidManifest.xml:7:5-74
13-->src\main\AndroidManifest.xml:7:22-71
14    <uses-permission android:name="android.permission.WAKE_LOCK" />
14-->src\main\AndroidManifest.xml:8:5-68
14-->src\main\AndroidManifest.xml:8:22-65
15    <uses-permission android:name="android.permission.RECEIVE_BOOT_COMPLETED" />
15-->src\main\AndroidManifest.xml:9:5-81
15-->src\main\AndroidManifest.xml:9:22-78
16    <uses-permission android:name="android.permission.REQUEST_IGNORE_BATTERY_OPTIMIZATIONS" />
16-->src\main\AndroidManifest.xml:10:5-95
16-->src\main\AndroidManifest.xml:10:22-92
17    <uses-permission android:name="android.permission.ACCESS_NETWORK_STATE" />
17-->[androidx.work:work-runtime:2.9.0] AndroidManifest.xml:24:5-79
17-->[androidx.work:work-runtime:2.9.0] AndroidManifest.xml:24:22-76
18    <uses-permission android:name="android.permission.FOREGROUND_SERVICE" />
18-->[androidx.work:work-runtime:2.9.0] AndroidManifest.xml:26:5-77
18-->[androidx.work:work-runtime:2.9.0] AndroidManifest.xml:26:22-74
19
20    <permission
20-->[androidx.core:core:1.12.0] AndroidManifest.xml:22:5-24:47
21        android:name="com.example.simpletodo.DYNAMIC_RECEIVER_NOT_EXPORTED_PERMISSION"
21-->[androidx.core:core:1.12.0] AndroidManifest.xml:23:9-81
22        android:protectionLevel="signature" />
22-->[androidx.core:core:1.12.0] AndroidManifest.xml:24:9-44
23
24    <uses-permission android:name="com.example.simpletodo.DYNAMIC_RECEIVER_NOT_EXPORTED_PERMISSION" />
24-->[androidx.core:core:1.12.0] AndroidManifest.xml:26:5-97
24-->[androidx.core:core:1.12.0] AndroidManifest.xml:26:22-94
25
26    <application
26-->src\main\AndroidManifest.xml:12:5-35:19
27        android:allowBackup="true"
27-->src\main\AndroidManifest.xml:13:9-35
28        android:appComponentFactory="androidx.core.app.CoreComponentFactory"
28-->[androidx.core:core:1.12.0] AndroidManifest.xml:28:18-86
29        android:debuggable="true"
30        android:extractNativeLibs="false"
31        android:icon="@drawable/ic_todo_icon"
31-->src\main\AndroidManifest.xml:15:9-46
32        android:label="SimpleTodo"
32-->src\main\AndroidManifest.xml:14:9-35
33        android:roundIcon="@drawable/ic_todo_icon"
33-->src\main\AndroidManifest.xml:16:9-51
34        android:supportsRtl="true" >
34-->src\main\AndroidManifest.xml:17:9-35
35        <activity
35-->src\main\AndroidManifest.xml:20:9-27:20
36            android:name="com.example.simpletodo.MainActivity"
36-->src\main\AndroidManifest.xml:21:13-41
37            android:exported="true" >
37-->src\main\AndroidManifest.xml:22:13-36
38            <intent-filter>
38-->src\main\AndroidManifest.xml:23:13-26:29
39                <action android:name="android.intent.action.MAIN" />
39-->src\main\AndroidManifest.xml:24:17-69
39-->src\main\AndroidManifest.xml:24:25-66
40
41                <category android:name="android.intent.category.LAUNCHER" />
41-->src\main\AndroidManifest.xml:25:17-77
41-->src\main\AndroidManifest.xml:25:27-74
42            </intent-filter>
43        </activity>
44
45        <receiver
45-->src\main\AndroidManifest.xml:29:9-33:20
46            android:name="com.example.simpletodo.ReminderReceiver"
46-->src\main\AndroidManifest.xml:29:19-51
47            android:exported="false" >
47-->src\main\AndroidManifest.xml:29:52-76
48            <intent-filter>
48-->src\main\AndroidManifest.xml:30:14-32:29
49                <action android:name="android.intent.action.BOOT_COMPLETED" />
49-->src\main\AndroidManifest.xml:31:17-78
49-->src\main\AndroidManifest.xml:31:25-76
50            </intent-filter>
51        </receiver>
52
53        <provider
53-->[androidx.work:work-runtime:2.9.0] AndroidManifest.xml:29:9-37:20
54            android:name="androidx.startup.InitializationProvider"
54-->[androidx.work:work-runtime:2.9.0] AndroidManifest.xml:30:13-67
55            android:authorities="com.example.simpletodo.androidx-startup"
55-->[androidx.work:work-runtime:2.9.0] AndroidManifest.xml:31:13-68
56            android:exported="false" >
56-->[androidx.work:work-runtime:2.9.0] AndroidManifest.xml:32:13-37
57            <meta-data
57-->[androidx.work:work-runtime:2.9.0] AndroidManifest.xml:34:13-36:52
58                android:name="androidx.work.WorkManagerInitializer"
58-->[androidx.work:work-runtime:2.9.0] AndroidManifest.xml:35:17-68
59                android:value="androidx.startup" />
59-->[androidx.work:work-runtime:2.9.0] AndroidManifest.xml:36:17-49
60            <meta-data
60-->[androidx.emoji2:emoji2:1.4.0] AndroidManifest.xml:29:13-31:52
61                android:name="androidx.emoji2.text.EmojiCompatInitializer"
61-->[androidx.emoji2:emoji2:1.4.0] AndroidManifest.xml:30:17-75
62                android:value="androidx.startup" />
62-->[androidx.emoji2:emoji2:1.4.0] AndroidManifest.xml:31:17-49
63            <meta-data
63-->[androidx.lifecycle:lifecycle-process:2.6.2] AndroidManifest.xml:29:13-31:52
64                android:name="androidx.lifecycle.ProcessLifecycleInitializer"
64-->[androidx.lifecycle:lifecycle-process:2.6.2] AndroidManifest.xml:30:17-78
65                android:value="androidx.startup" />
65-->[androidx.lifecycle:lifecycle-process:2.6.2] AndroidManifest.xml:31:17-49
66            <meta-data
66-->[androidx.profileinstaller:profileinstaller:1.3.1] AndroidManifest.xml:29:13-31:52
67                android:name="androidx.profileinstaller.ProfileInstallerInitializer"
67-->[androidx.profileinstaller:profileinstaller:1.3.1] AndroidManifest.xml:30:17-85
68                android:value="androidx.startup" />
68-->[androidx.profileinstaller:profileinstaller:1.3.1] AndroidManifest.xml:31:17-49
69        </provider>
70
71        <service
71-->[androidx.work:work-runtime:2.9.0] AndroidManifest.xml:39:9-45:35
72            android:name="androidx.work.impl.background.systemalarm.SystemAlarmService"
72-->[androidx.work:work-runtime:2.9.0] AndroidManifest.xml:40:13-88
73            android:directBootAware="false"
73-->[androidx.work:work-runtime:2.9.0] AndroidManifest.xml:41:13-44
74            android:enabled="@bool/enable_system_alarm_service_default"
74-->[androidx.work:work-runtime:2.9.0] AndroidManifest.xml:42:13-72
75            android:exported="false" />
75-->[androidx.work:work-runtime:2.9.0] AndroidManifest.xml:43:13-37
76        <service
76-->[androidx.work:work-runtime:2.9.0] AndroidManifest.xml:46:9-52:35
77            android:name="androidx.work.impl.background.systemjob.SystemJobService"
77-->[androidx.work:work-runtime:2.9.0] AndroidManifest.xml:47:13-84
78            android:directBootAware="false"
78-->[androidx.work:work-runtime:2.9.0] AndroidManifest.xml:48:13-44
79            android:enabled="@bool/enable_system_job_service_default"
79-->[androidx.work:work-runtime:2.9.0] AndroidManifest.xml:49:13-70
80            android:exported="true"
80-->[androidx.work:work-runtime:2.9.0] AndroidManifest.xml:50:13-36
81            android:permission="android.permission.BIND_JOB_SERVICE" />
81-->[androidx.work:work-runtime:2.9.0] AndroidManifest.xml:51:13-69
82        <service
82-->[androidx.work:work-runtime:2.9.0] AndroidManifest.xml:53:9-59:35
83            android:name="androidx.work.impl.foreground.SystemForegroundService"
83-->[androidx.work:work-runtime:2.9.0] AndroidManifest.xml:54:13-81
84            android:directBootAware="false"
84-->[androidx.work:work-runtime:2.9.0] AndroidManifest.xml:55:13-44
85            android:enabled="@bool/enable_system_foreground_service_default"
85-->[androidx.work:work-runtime:2.9.0] AndroidManifest.xml:56:13-77
86            android:exported="false" />
86-->[androidx.work:work-runtime:2.9.0] AndroidManifest.xml:57:13-37
87
88        <receiver
88-->[androidx.work:work-runtime:2.9.0] AndroidManifest.xml:61:9-66:35
89            android:name="androidx.work.impl.utils.ForceStopRunnable$BroadcastReceiver"
89-->[androidx.work:work-runtime:2.9.0] AndroidManifest.xml:62:13-88
90            android:directBootAware="false"
90-->[androidx.work:work-runtime:2.9.0] AndroidManifest.xml:63:13-44
91            android:enabled="true"
91-->[androidx.work:work-runtime:2.9.0] AndroidManifest.xml:64:13-35
92            android:exported="false" />
92-->[androidx.work:work-runtime:2.9.0] AndroidManifest.xml:65:13-37
93        <receiver
93-->[androidx.work:work-runtime:2.9.0] AndroidManifest.xml:67:9-77:20
94            android:name="androidx.work.impl.background.systemalarm.ConstraintProxy$BatteryChargingProxy"
94-->[androidx.work:work-runtime:2.9.0] AndroidManifest.xml:68:13-106
95            android:directBootAware="false"
95-->[androidx.work:work-runtime:2.9.0] AndroidManifest.xml:69:13-44
96            android:enabled="false"
96-->[androidx.work:work-runtime:2.9.0] AndroidManifest.xml:70:13-36
97            android:exported="false" >
97-->[androidx.work:work-runtime:2.9.0] AndroidManifest.xml:71:13-37
98            <intent-filter>
98-->[androidx.work:work-runtime:2.9.0] AndroidManifest.xml:73:13-76:29
99                <action android:name="android.intent.action.ACTION_POWER_CONNECTED" />
99-->[androidx.work:work-runtime:2.9.0] AndroidManifest.xml:74:17-87
99-->[androidx.work:work-runtime:2.9.0] AndroidManifest.xml:74:25-84
100                <action android:name="android.intent.action.ACTION_POWER_DISCONNECTED" />
100-->[androidx.work:work-runtime:2.9.0] AndroidManifest.xml:75:17-90
100-->[androidx.work:work-runtime:2.9.0] AndroidManifest.xml:75:25-87
101            </intent-filter>
102        </receiver>
103        <receiver
103-->[androidx.work:work-runtime:2.9.0] AndroidManifest.xml:78:9-88:20
104            android:name="androidx.work.impl.background.systemalarm.ConstraintProxy$BatteryNotLowProxy"
104-->[androidx.work:work-runtime:2.9.0] AndroidManifest.xml:79:13-104
105            android:directBootAware="false"
105-->[androidx.work:work-runtime:2.9.0] AndroidManifest.xml:80:13-44
106            android:enabled="false"
106-->[androidx.work:work-runtime:2.9.0] AndroidManifest.xml:81:13-36
107            android:exported="false" >
107-->[androidx.work:work-runtime:2.9.0] AndroidManifest.xml:82:13-37
108            <intent-filter>
108-->[androidx.work:work-runtime:2.9.0] AndroidManifest.xml:84:13-87:29
109                <action android:name="android.intent.action.BATTERY_OKAY" />
109-->[androidx.work:work-runtime:2.9.0] AndroidManifest.xml:85:17-77
109-->[androidx.work:work-runtime:2.9.0] AndroidManifest.xml:85:25-74
110                <action android:name="android.intent.action.BATTERY_LOW" />
110-->[androidx.work:work-runtime:2.9.0] AndroidManifest.xml:86:17-76
110-->[androidx.work:work-runtime:2.9.0] AndroidManifest.xml:86:25-73
111            </intent-filter>
112        </receiver>
113        <receiver
113-->[androidx.work:work-runtime:2.9.0] AndroidManifest.xml:89:9-99:20
114            android:name="androidx.work.impl.background.systemalarm.ConstraintProxy$StorageNotLowProxy"
114-->[androidx.work:work-runtime:2.9.0] AndroidManifest.xml:90:13-104
115            android:directBootAware="false"
115-->[androidx.work:work-runtime:2.9.0] AndroidManifest.xml:91:13-44
116            android:enabled="false"
116-->[androidx.work:work-runtime:2.9.0] AndroidManifest.xml:92:13-36
117            android:exported="false" >
117-->[androidx.work:work-runtime:2.9.0] AndroidManifest.xml:93:13-37
118            <intent-filter>
118-->[androidx.work:work-runtime:2.9.0] AndroidManifest.xml:95:13-98:29
119                <action android:name="android.intent.action.DEVICE_STORAGE_LOW" />
119-->[androidx.work:work-runtime:2.9.0] AndroidManifest.xml:96:17-83
119-->[androidx.work:work-runtime:2.9.0] AndroidManifest.xml:96:25-80
120                <action android:name="android.intent.action.DEVICE_STORAGE_OK" />
120-->[androidx.work:work-runtime:2.9.0] AndroidManifest.xml:97:17-82
120-->[androidx.work:work-runtime:2.9.0] AndroidManifest.xml:97:25-79
121            </intent-filter>
122        </receiver>
123        <receiver
123-->[androidx.work:work-runtime:2.9.0] AndroidManifest.xml:100:9-109:20
124            android:name="androidx.work.impl.background.systemalarm.ConstraintProxy$NetworkStateProxy"
124-->[androidx.work:work-runtime:2.9.0] AndroidManifest.xml:101:13-103
125            android:directBootAware="false"
125-->[androidx.work:work-runtime:2.9.0] AndroidManifest.xml:102:13-44
126            android:enabled="false"
126-->[androidx.work:work-runtime:2.9.0] AndroidManifest.xml:103:13-36
127            android:exported="false" >
127-->[androidx.work:work-runtime:2.9.0] AndroidManifest.xml:104:13-37
128            <intent-filter>
128-->[androidx.work:work-runtime:2.9.0] AndroidManifest.xml:106:13-108:29
129                <action android:name="android.net.conn.CONNECTIVITY_CHANGE" />
129-->[androidx.work:work-runtime:2.9.0] AndroidManifest.xml:107:17-79
129-->[androidx.work:work-runtime:2.9.0] AndroidManifest.xml:107:25-76
130            </intent-filter>
131        </receiver>
132        <receiver
132-->[androidx.work:work-runtime:2.9.0] AndroidManifest.xml:110:9-121:20
133            android:name="androidx.work.impl.background.systemalarm.RescheduleReceiver"
133-->[androidx.work:work-runtime:2.9.0] AndroidManifest.xml:111:13-88
134            android:directBootAware="false"
134-->[androidx.work:work-runtime:2.9.0] AndroidManifest.xml:112:13-44
135            android:enabled="false"
135-->[androidx.work:work-runtime:2.9.0] AndroidManifest.xml:113:13-36
136            android:exported="false" >
136-->[androidx.work:work-runtime:2.9.0] AndroidManifest.xml:114:13-37
137            <intent-filter>
137-->[androidx.work:work-runtime:2.9.0] AndroidManifest.xml:116:13-120:29
138                <action android:name="android.intent.action.BOOT_COMPLETED" />
138-->src\main\AndroidManifest.xml:31:17-78
138-->src\main\AndroidManifest.xml:31:25-76
139                <action android:name="android.intent.action.TIME_SET" />
139-->[androidx.work:work-runtime:2.9.0] AndroidManifest.xml:118:17-73
139-->[androidx.work:work-runtime:2.9.0] AndroidManifest.xml:118:25-70
140                <action android:name="android.intent.action.TIMEZONE_CHANGED" />
140-->[androidx.work:work-runtime:2.9.0] AndroidManifest.xml:119:17-81
140-->[androidx.work:work-runtime:2.9.0] AndroidManifest.xml:119:25-78
141            </intent-filter>
142        </receiver>
143        <receiver
143-->[androidx.work:work-runtime:2.9.0] AndroidManifest.xml:122:9-131:20
144            android:name="androidx.work.impl.background.systemalarm.ConstraintProxyUpdateReceiver"
144-->[androidx.work:work-runtime:2.9.0] AndroidManifest.xml:123:13-99
145            android:directBootAware="false"
145-->[androidx.work:work-runtime:2.9.0] AndroidManifest.xml:124:13-44
146            android:enabled="@bool/enable_system_alarm_service_default"
146-->[androidx.work:work-runtime:2.9.0] AndroidManifest.xml:125:13-72
147            android:exported="false" >
147-->[androidx.work:work-runtime:2.9.0] AndroidManifest.xml:126:13-37
148            <intent-filter>
148-->[androidx.work:work-runtime:2.9.0] AndroidManifest.xml:128:13-130:29
149                <action android:name="androidx.work.impl.background.systemalarm.UpdateProxies" />
149-->[androidx.work:work-runtime:2.9.0] AndroidManifest.xml:129:17-98
149-->[androidx.work:work-runtime:2.9.0] AndroidManifest.xml:129:25-95
150            </intent-filter>
151        </receiver>
152        <receiver
152-->[androidx.work:work-runtime:2.9.0] AndroidManifest.xml:132:9-142:20
153            android:name="androidx.work.impl.diagnostics.DiagnosticsReceiver"
153-->[androidx.work:work-runtime:2.9.0] AndroidManifest.xml:133:13-78
154            android:directBootAware="false"
154-->[androidx.work:work-runtime:2.9.0] AndroidManifest.xml:134:13-44
155            android:enabled="true"
155-->[androidx.work:work-runtime:2.9.0] AndroidManifest.xml:135:13-35
156            android:exported="true"
156-->[androidx.work:work-runtime:2.9.0] AndroidManifest.xml:136:13-36
157            android:permission="android.permission.DUMP" >
157-->[androidx.work:work-runtime:2.9.0] AndroidManifest.xml:137:13-57
158            <intent-filter>
158-->[androidx.work:work-runtime:2.9.0] AndroidManifest.xml:139:13-141:29
159                <action android:name="androidx.work.diagnostics.REQUEST_DIAGNOSTICS" />
159-->[androidx.work:work-runtime:2.9.0] AndroidManifest.xml:140:17-88
159-->[androidx.work:work-runtime:2.9.0] AndroidManifest.xml:140:25-85
160            </intent-filter>
161        </receiver>
162
163        <activity
163-->[androidx.compose.ui:ui-test-manifest:1.5.4] AndroidManifest.xml:23:9-25:39
164            android:name="androidx.activity.ComponentActivity"
164-->[androidx.compose.ui:ui-test-manifest:1.5.4] AndroidManifest.xml:24:13-63
165            android:exported="true" />
165-->[androidx.compose.ui:ui-test-manifest:1.5.4] AndroidManifest.xml:25:13-36
166        <activity
166-->[androidx.compose.ui:ui-tooling-android:1.5.4] AndroidManifest.xml:23:9-25:39
167            android:name="androidx.compose.ui.tooling.PreviewActivity"
167-->[androidx.compose.ui:ui-tooling-android:1.5.4] AndroidManifest.xml:24:13-71
168            android:exported="true" />
168-->[androidx.compose.ui:ui-tooling-android:1.5.4] AndroidManifest.xml:25:13-36
169
170        <service
170-->[androidx.room:room-runtime:2.6.1] AndroidManifest.xml:24:9-28:63
171            android:name="androidx.room.MultiInstanceInvalidationService"
171-->[androidx.room:room-runtime:2.6.1] AndroidManifest.xml:25:13-74
172            android:directBootAware="true"
172-->[androidx.room:room-runtime:2.6.1] AndroidManifest.xml:26:13-43
173            android:exported="false" />
173-->[androidx.room:room-runtime:2.6.1] AndroidManifest.xml:27:13-37
174
175        <receiver
175-->[androidx.profileinstaller:profileinstaller:1.3.1] AndroidManifest.xml:34:9-52:20
176            android:name="androidx.profileinstaller.ProfileInstallReceiver"
176-->[androidx.profileinstaller:profileinstaller:1.3.1] AndroidManifest.xml:35:13-76
177            android:directBootAware="false"
177-->[androidx.profileinstaller:profileinstaller:1.3.1] AndroidManifest.xml:36:13-44
178            android:enabled="true"
178-->[androidx.profileinstaller:profileinstaller:1.3.1] AndroidManifest.xml:37:13-35
179            android:exported="true"
179-->[androidx.profileinstaller:profileinstaller:1.3.1] AndroidManifest.xml:38:13-36
180            android:permission="android.permission.DUMP" >
180-->[androidx.profileinstaller:profileinstaller:1.3.1] AndroidManifest.xml:39:13-57
181            <intent-filter>
181-->[androidx.profileinstaller:profileinstaller:1.3.1] AndroidManifest.xml:40:13-42:29
182                <action android:name="androidx.profileinstaller.action.INSTALL_PROFILE" />
182-->[androidx.profileinstaller:profileinstaller:1.3.1] AndroidManifest.xml:41:17-91
182-->[androidx.profileinstaller:profileinstaller:1.3.1] AndroidManifest.xml:41:25-88
183            </intent-filter>
184            <intent-filter>
184-->[androidx.profileinstaller:profileinstaller:1.3.1] AndroidManifest.xml:43:13-45:29
185                <action android:name="androidx.profileinstaller.action.SKIP_FILE" />
185-->[androidx.profileinstaller:profileinstaller:1.3.1] AndroidManifest.xml:44:17-85
185-->[androidx.profileinstaller:profileinstaller:1.3.1] AndroidManifest.xml:44:25-82
186            </intent-filter>
187            <intent-filter>
187-->[androidx.profileinstaller:profileinstaller:1.3.1] AndroidManifest.xml:46:13-48:29
188                <action android:name="androidx.profileinstaller.action.SAVE_PROFILE" />
188-->[androidx.profileinstaller:profileinstaller:1.3.1] AndroidManifest.xml:47:17-88
188-->[androidx.profileinstaller:profileinstaller:1.3.1] AndroidManifest.xml:47:25-85
189            </intent-filter>
190            <intent-filter>
190-->[androidx.profileinstaller:profileinstaller:1.3.1] AndroidManifest.xml:49:13-51:29
191                <action android:name="androidx.profileinstaller.action.BENCHMARK_OPERATION" />
191-->[androidx.profileinstaller:profileinstaller:1.3.1] AndroidManifest.xml:50:17-95
191-->[androidx.profileinstaller:profileinstaller:1.3.1] AndroidManifest.xml:50:25-92
192            </intent-filter>
193        </receiver>
194    </application>
195
196</manifest>